mode: set
RyanFin/GoPlayGround/goAlgorithms/sorting/big-sorting.go:29.45,32.46 3 0
RyanFin/GoPlayGround/goAlgorithms/sorting/big-sorting.go:44.2,45.17 2 0
RyanFin/GoPlayGround/goAlgorithms/sorting/big-sorting.go:32.46,33.30 1 0
RyanFin/GoPlayGround/goAlgorithms/sorting/big-sorting.go:33.30,36.13 3 0
RyanFin/GoPlayGround/goAlgorithms/sorting/big-sorting.go:36.13,40.5 3 0
RyanFin/GoPlayGround/goAlgorithms/sorting/big-sorting.go:49.13,65.30 10 0
RyanFin/GoPlayGround/goAlgorithms/sorting/big-sorting.go:70.2,72.36 2 0
RyanFin/GoPlayGround/goAlgorithms/sorting/big-sorting.go:80.2,82.16 2 0
RyanFin/GoPlayGround/goAlgorithms/sorting/big-sorting.go:65.30,68.3 2 0
RyanFin/GoPlayGround/goAlgorithms/sorting/big-sorting.go:72.36,75.25 2 0
RyanFin/GoPlayGround/goAlgorithms/sorting/big-sorting.go:75.25,77.4 1 0
RyanFin/GoPlayGround/goAlgorithms/sorting/big-sorting.go:85.44,87.19 2 0
RyanFin/GoPlayGround/goAlgorithms/sorting/big-sorting.go:91.2,91.47 1 0
RyanFin/GoPlayGround/goAlgorithms/sorting/big-sorting.go:87.19,89.3 1 0
RyanFin/GoPlayGround/goAlgorithms/sorting/big-sorting.go:94.28,95.16 1 0
RyanFin/GoPlayGround/goAlgorithms/sorting/big-sorting.go:95.16,97.3 1 0
RyanFin/GoPlayGround/goAlgorithms/sorting/mergesort-recursive.go:10.38,15.2 2 1
RyanFin/GoPlayGround/goAlgorithms/sorting/mergesort-recursive.go:17.28,19.31 2 1
RyanFin/GoPlayGround/goAlgorithms/sorting/mergesort-recursive.go:22.2,22.16 1 1
RyanFin/GoPlayGround/goAlgorithms/sorting/mergesort-recursive.go:19.31,21.3 1 1
RyanFin/GoPlayGround/goAlgorithms/sorting/mergesort-recursive.go:25.30,28.2 2 0
RyanFin/GoPlayGround/goAlgorithms/sorting/mergesort-recursive.go:30.82,31.30 1 0
RyanFin/GoPlayGround/goAlgorithms/sorting/mergesort-recursive.go:31.30,33.3 1 0
RyanFin/GoPlayGround/goAlgorithms/sorting/mergesort-recursive.go:33.8,38.3 4 0
RyanFin/GoPlayGround/goAlgorithms/sorting/mergesort-recursive.go:41.84,48.45 5 0
RyanFin/GoPlayGround/goAlgorithms/sorting/mergesort-recursive.go:60.2,60.20 1 0
RyanFin/GoPlayGround/goAlgorithms/sorting/mergesort-recursive.go:66.2,66.28 1 0
RyanFin/GoPlayGround/goAlgorithms/sorting/mergesort-recursive.go:72.2,72.24 1 0
RyanFin/GoPlayGround/goAlgorithms/sorting/mergesort-recursive.go:48.45,49.47 1 0
RyanFin/GoPlayGround/goAlgorithms/sorting/mergesort-recursive.go:49.47,53.4 3 0
RyanFin/GoPlayGround/goAlgorithms/sorting/mergesort-recursive.go:53.9,57.4 3 0
RyanFin/GoPlayGround/goAlgorithms/sorting/mergesort-recursive.go:60.20,64.3 3 0
RyanFin/GoPlayGround/goAlgorithms/sorting/mergesort-recursive.go:66.28,70.3 3 0
RyanFin/GoPlayGround/goAlgorithms/sorting/mergesort-recursive.go:72.24,74.3 1 0
